app/build/intermediates/manifest_merge_blame_file/debug/manifest-merger-blame-debug-report.txt
1<?xml version="1.0" encoding="utf-8"?>
2<manifest xmlns:android="http://schemas.android.com/apk/res/android"
3    package="com.example.travelapp"
4    android:versionCode="1"
5    android:versionName="1.0" >
6
7    <uses-sdk
8        android:minSdkVersion="21"
8-->src\main\AndroidManifest.xml
9        android:targetSdkVersion="33" />
9-->src\main\AndroidManifest.xml
10
11    <application
11-->src\main\AndroidManifest.xml:5:5-50:19
12        android:allowBackup="true"
12-->src\main\AndroidManifest.xml:6:9-35
13        android:appComponentFactory="androidx.core.app.CoreComponentFactory"
13-->[androidx.core:core:1.7.0] AndroidManifest.xml:24:18-86
14        android:dataExtractionRules="@xml/data_extraction_rules"
14-->src\main\AndroidManifest.xml:7:9-65
15        android:debuggable="true"
16        android:fullBackupContent="@xml/backup_rules"
16-->src\main\AndroidManifest.xml:8:9-54
17        android:icon="@drawable/plane"
17-->src\main\AndroidManifest.xml:9:9-39
18        android:label="@string/app_name"
18-->src\main\AndroidManifest.xml:10:9-41
19        android:supportsRtl="true"
19-->src\main\AndroidManifest.xml:11:9-35
20        android:theme="@style/Theme.TravelApp" >
20-->src\main\AndroidManifest.xml:12:9-47
21        <activity
21-->src\main\AndroidManifest.xml:14:9-18:54
22            android:name="com.example.travelapp.RegisterActivity"
22-->src\main\AndroidManifest.xml:15:13-45
23            android:exported="false"
23-->src\main\AndroidManifest.xml:16:13-37
24            android:label="RegisterActivity"
24-->src\main\AndroidManifest.xml:17:13-45
25            android:theme="@style/Theme.TravelApp" />
25-->src\main\AndroidManifest.xml:18:13-51
26        <activity
26-->src\main\AndroidManifest.xml:19:9-23:54
27            android:name="com.example.travelapp.SingaporeActivity"
27-->src\main\AndroidManifest.xml:20:13-46
28            android:exported="false"
28-->src\main\AndroidManifest.xml:21:13-37
29            android:label="@string/title_activity_kanyakumari"
29-->src\main\AndroidManifest.xml:22:13-63
30            android:theme="@style/Theme.TravelApp" />
30-->src\main\AndroidManifest.xml:23:13-51
31        <activity
31-->src\main\AndroidManifest.xml:24:9-28:54
32            android:name="com.example.travelapp.ParisActivity"
32-->src\main\AndroidManifest.xml:25:13-42
33            android:exported="false"
33-->src\main\AndroidManifest.xml:26:13-37
34            android:label="@string/title_activity_rameswaram"
34-->src\main\AndroidManifest.xml:27:13-62
35            android:theme="@style/Theme.TravelApp" />
35-->src\main\AndroidManifest.xml:28:13-51
36        <activity
36-->src\main\AndroidManifest.xml:29:9-33:54
37            android:name="com.example.travelapp.BaliActivity"
37-->src\main\AndroidManifest.xml:30:13-41
38            android:exported="false"
38-->src\main\AndroidManifest.xml:31:13-37
39            android:label="@string/title_activity_madurai"
39-->src\main\AndroidManifest.xml:32:13-59
40            android:theme="@style/Theme.TravelApp" />
40-->src\main\AndroidManifest.xml:33:13-51
41        <activity
41-->src\main\AndroidManifest.xml:34:9-38:53
42            android:name="com.example.travelapp.MainActivity"
42-->src\main\AndroidManifest.xml:35:13-41
43            android:exported="true"
43-->src\main\AndroidManifest.xml:36:13-36
44            android:label="@string/app_name"
44-->src\main\AndroidManifest.xml:37:13-45
45            android:theme="@style/Theme.TravelApp" />
45-->src\main\AndroidManifest.xml:38:13-51
46        <activity
46-->src\main\AndroidManifest.xml:39:9-49:20
47            android:name="com.example.travelapp.LoginActivity"
47-->src\main\AndroidManifest.xml:40:13-42
48            android:exported="true"
48-->src\main\AndroidManifest.xml:41:13-36
49            android:label="@string/app_name"
49-->src\main\AndroidManifest.xml:42:13-45
50            android:theme="@style/Theme.TravelApp" >
50-->src\main\AndroidManifest.xml:43:13-51
51            <intent-filter>
51-->src\main\AndroidManifest.xml:44:13-48:29
52                <action android:name="android.intent.action.MAIN" />
52-->src\main\AndroidManifest.xml:45:17-69
52-->src\main\AndroidManifest.xml:45:25-66
53
54                <category android:name="android.intent.category.LAUNCHER" />
54-->src\main\AndroidManifest.xml:47:17-77
54-->src\main\AndroidManifest.xml:47:27-74
55            </intent-filter>
56        </activity>
57
58        <service
58-->[androidx.room:room-runtime:2.5.0] AndroidManifest.xml:24:9-28:63
59            android:name="androidx.room.MultiInstanceInvalidationService"
59-->[androidx.room:room-runtime:2.5.0] AndroidManifest.xml:25:13-74
60            android:directBootAware="true"
60-->[androidx.room:room-runtime:2.5.0] AndroidManifest.xml:26:13-43
61            android:exported="false" />
61-->[androidx.room:room-runtime:2.5.0] AndroidManifest.xml:27:13-37
62
63        <activity
63-->[androidx.compose.ui:ui-tooling:1.2.0] AndroidManifest.xml:24:9-26:39
64            android:name="androidx.compose.ui.tooling.PreviewActivity"
64-->[androidx.compose.ui:ui-tooling:1.2.0] AndroidManifest.xml:25:13-71
65            android:exported="true" />
65-->[androidx.compose.ui:ui-tooling:1.2.0] AndroidManifest.xml:26:13-36
66        <activity
66-->[androidx.compose.ui:ui-test-manifest:1.2.0] AndroidManifest.xml:24:9-26:39
67            android:name="androidx.activity.ComponentActivity"
67-->[androidx.compose.ui:ui-test-manifest:1.2.0] AndroidManifest.xml:25:13-63
68            android:exported="true" />
68-->[androidx.compose.ui:ui-test-manifest:1.2.0] AndroidManifest.xml:26:13-36
69
70        <provider
70-->[androidx.profileinstaller:profileinstaller:1.2.0] AndroidManifest.xml:25:9-33:20
71            android:name="androidx.startup.InitializationProvider"
71-->[androidx.profileinstaller:profileinstaller:1.2.0] AndroidManifest.xml:26:13-67
72            android:authorities="com.example.travelapp.androidx-startup"
72-->[androidx.profileinstaller:profileinstaller:1.2.0] AndroidManifest.xml:27:13-68
73            android:exported="false" >
73-->[androidx.profileinstaller:profileinstaller:1.2.0] AndroidManifest.xml:28:13-37
74            <meta-data
74-->[androidx.profileinstaller:profileinstaller:1.2.0] AndroidManifest.xml:30:13-32:52
75                android:name="androidx.profileinstaller.ProfileInstallerInitializer"
75-->[androidx.profileinstaller:profileinstaller:1.2.0] AndroidManifest.xml:31:17-85
76                android:value="androidx.startup" />
76-->[androidx.profileinstaller:profileinstaller:1.2.0] AndroidManifest.xml:32:17-49
77        </provider>
78
79        <receiver
79-->[androidx.profileinstaller:profileinstaller:1.2.0] AndroidManifest.xml:35:9-47:20
80            android:name="androidx.profileinstaller.ProfileInstallReceiver"
80-->[androidx.profileinstaller:profileinstaller:1.2.0] AndroidManifest.xml:36:13-76
81            android:directBootAware="false"
81-->[androidx.profileinstaller:profileinstaller:1.2.0] AndroidManifest.xml:37:13-44
82            android:enabled="true"
82-->[androidx.profileinstaller:profileinstaller:1.2.0] AndroidManifest.xml:38:13-35
83            android:exported="true"
83-->[androidx.profileinstaller:profileinstaller:1.2.0] AndroidManifest.xml:39:13-36
84            android:permission="android.permission.DUMP" >
84-->[androidx.profileinstaller:profileinstaller:1.2.0] AndroidManifest.xml:40:13-57
85            <intent-filter>
85-->[androidx.profileinstaller:profileinstaller:1.2.0] AndroidManifest.xml:41:13-43:29
86                <action android:name="androidx.profileinstaller.action.INSTALL_PROFILE" />
86-->[androidx.profileinstaller:profileinstaller:1.2.0] AndroidManifest.xml:42:17-91
86-->[androidx.profileinstaller:profileinstaller:1.2.0] AndroidManifest.xml:42:25-88
87            </intent-filter>
88            <intent-filter>
88-->[androidx.profileinstaller:profileinstaller:1.2.0] AndroidManifest.xml:44:13-46:29
89                <action android:name="androidx.profileinstaller.action.SKIP_FILE" />
89-->[androidx.profileinstaller:profileinstaller:1.2.0] AndroidManifest.xml:45:17-85
89-->[androidx.profileinstaller:profileinstaller:1.2.0] AndroidManifest.xml:45:25-82
90            </intent-filter>
91        </receiver>
92    </application>
93
94</manifest>